

Started GET "/" for 127.0.0.1 at 2011-06-26 03:02:42 +0800
  Processing by HomeController#index as HTML
Rendered home/index.html.erb within layouts/application (2.0ms)
Completed 200 OK in 9ms (Views: 8.5ms | ActiveRecord: 0.0ms)


Started GET "/auth/facebook" for 127.0.0.1 at 2011-06-26 03:02:45 +0800


Started GET "/" for 127.0.0.1 at 2011-06-26 03:13:52 +0800
  Processing by HomeController#index as HTML
Rendered home/index.html.erb within layouts/application (8.6ms)
Completed 200 OK in 20ms (Views: 19.6ms | ActiveRecord: 0.0ms)


Started GET "/" for 127.0.0.1 at 2011-06-26 03:13:57 +0800
  Processing by HomeController#index as HTML
Rendered home/index.html.erb within layouts/application (1.8ms)
Completed 200 OK in 7ms (Views: 6.7ms | ActiveRecord: 0.0ms)


Started GET "/auth/facebook" for 127.0.0.1 at 2011-06-26 03:13:59 +0800


Started GET "/auth/facebook/callback?code=rrUlJxGyzTIYgAM_IA3PC_uzb13lIMOXHtkD6C7nECs.eyJpdiI6Ik5ra0NrcHV1NlRsMy10blNVYXBDTHcifQ.410NeUcleuNXTkQCL42LWt3XpDXTfh_8DHd9d2zh5BWDnWwpkdjjDbi5ppgbArx879r3lAFd4I3cxLVzNWVQFRG9e0CJzPDc1fTvsIm_Xwkas4Jaktz1TUJM02u8jBx7" for 127.0.0.1 at 2011-06-26 03:14:02 +0800
  Processing by Omnisocial::AuthController#callback as HTML
  Parameters: {"code"=>"rrUlJxGyzTIYgAM_IA3PC_uzb13lIMOXHtkD6C7nECs.eyJpdiI6Ik5ra0NrcHV1NlRsMy10blNVYXBDTHcifQ.410NeUcleuNXTkQCL42LWt3XpDXTfh_8DHd9d2zh5BWDnWwpkdjjDbi5ppgbArx879r3lAFd4I3cxLVzNWVQFRG9e0CJzPDc1fTvsIm_Xwkas4Jaktz1TUJM02u8jBx7", "service"=>"facebook"}
Completed   in 85ms

ActiveRecord::StatementInvalid (Could not find table 'login_accounts'):
  

Rendered /Volumes/Data/Users/rad/.rvm/gems/ruby-1.9.2-p180@flames/gems/actionpack-3.0.7/lib/action_dispatch/middleware/templates/rescues/_trace.erb (1.1ms)
Rendered /Volumes/Data/Users/rad/.rvm/gems/ruby-1.9.2-p180@flames/gems/actionpack-3.0.7/lib/action_dispatch/middleware/templates/rescues/_request_and_response.erb (4.1ms)
Rendered /Volumes/Data/Users/rad/.rvm/gems/ruby-1.9.2-p180@flames/gems/actionpack-3.0.7/lib/action_dispatch/middleware/templates/rescues/diagnostics.erb within rescues/layout (10.9ms)
  [1m[36mSQL (0.3ms)[0m  [1m SELECT name
 FROM sqlite_master
 WHERE type = 'table' AND NOT name = 'sqlite_sequence'
[0m
  [1m[35mSQL (0.1ms)[0m  select sqlite_version(*)
  [1m[36mSQL (20.3ms)[0m  [1mCREATE TABLE "schema_migrations" ("version" varchar(255) NOT NULL) [0m
  [1m[35mSQL (0.1ms)[0m  PRAGMA index_list("schema_migrations")
  [1m[36mSQL (5.8ms)[0m  [1mCREATE UNIQUE INDEX "unique_schema_migrations" ON "schema_migrations" ("version")[0m
  [1m[35mSQL (0.1ms)[0m   SELECT name
 FROM sqlite_master
 WHERE type = 'table' AND NOT name = 'sqlite_sequence'
  [1m[36mSQL (0.1ms)[0m  [1m SELECT name
 FROM sqlite_master
 WHERE type = 'table' AND NOT name = 'sqlite_sequence'
[0m
  [1m[35mSQL (0.1ms)[0m  SELECT "schema_migrations"."version" FROM "schema_migrations"
Migrating to CreateOmnisocialTables (20110604195325)
  [1m[36mSQL (0.5ms)[0m  [1mCREATE TABLE "users" ("id" INTEGER PRIMARY KEY AUTOINCREMENT NOT NULL, "remember_token" varchar(255), "created_at" datetime, "updated_at" datetime) [0m
  [1m[35mSQL (0.2ms)[0m  CREATE TABLE "login_accounts" ("id" INTEGER PRIMARY KEY AUTOINCREMENT NOT NULL, "type" varchar(255), "user_id" integer, "remote_account_id" varchar(255), "name" varchar(255), "login" varchar(255), "picture_url" varchar(255), "access_token" varchar(255), "access_token_secret" varchar(255), "created_at" datetime, "updated_at" datetime) 
  [1m[36mSQL (0.0ms)[0m  [1mPRAGMA index_list("login_accounts")[0m
  [1m[35mSQL (0.1ms)[0m  CREATE INDEX "index_login_accounts_on_user_id" ON "login_accounts" ("user_id")
  [1m[36mSQL (0.1ms)[0m  [1mPRAGMA index_list("login_accounts")[0m
  [1m[35mSQL (0.0ms)[0m  PRAGMA index_info('index_login_accounts_on_user_id')
  [1m[36mSQL (0.1ms)[0m  [1mCREATE INDEX "index_login_accounts_on_type" ON "login_accounts" ("type")[0m
  [1m[35mSQL (0.1ms)[0m  INSERT INTO "schema_migrations" ("version") VALUES ('20110604195325')
  [1m[36mSQL (0.3ms)[0m  [1m SELECT name
 FROM sqlite_master
 WHERE type = 'table' AND NOT name = 'sqlite_sequence'
[0m
  [1m[35mSQL (0.1ms)[0m  SELECT "schema_migrations"."version" FROM "schema_migrations"
  [1m[36mSQL (0.1ms)[0m  [1m SELECT name
 FROM sqlite_master
 WHERE type = 'table' AND NOT name = 'sqlite_sequence'
[0m
  [1m[35mSQL (0.1ms)[0m  PRAGMA index_list("login_accounts")
  [1m[36mSQL (0.0ms)[0m  [1mPRAGMA index_info('index_login_accounts_on_type')[0m
  [1m[35mSQL (0.0ms)[0m  PRAGMA index_info('index_login_accounts_on_user_id')
  [1m[36mSQL (0.0ms)[0m  [1mPRAGMA index_list("users")[0m


Started GET "/" for 127.0.0.1 at 2011-06-26 03:14:52 +0800
  Processing by HomeController#index as HTML
Rendered home/index.html.erb within layouts/application (1.8ms)
Completed 200 OK in 8ms (Views: 7.3ms | ActiveRecord: 0.0ms)


Started GET "/" for 127.0.0.1 at 2011-06-26 03:14:53 +0800
  Processing by HomeController#index as HTML
Rendered home/index.html.erb within layouts/application (1.9ms)
Completed 200 OK in 9ms (Views: 9.1ms | ActiveRecord: 0.0ms)


Started GET "/" for 127.0.0.1 at 2011-06-26 03:14:54 +0800
  Processing by HomeController#index as HTML
Rendered home/index.html.erb within layouts/application (1.8ms)
Completed 200 OK in 7ms (Views: 6.7ms | ActiveRecord: 0.0ms)


Started GET "/auth/facebook" for 127.0.0.1 at 2011-06-26 03:14:55 +0800


Started GET "/auth/facebook/callback?code=j0cAG5BJHBH1eSyY15t9vy8Tv8PaB_I74S7rRVLlyDM.eyJpdiI6ImdIU1FqcUZ6bXVpVHN5TTl4RDlzVkEifQ.JaiBPTjBFJvjCnQMlFaj_1rXBoKF3_MXtbexIMJa_kxrQXL5LWXUsoq3KgVXqFXIfshHFQe41yqnmrkFCWpEAbJQfvPJCGrv5wyl4k0aIfiBETYT8UevXa3uRFvIgw6E" for 127.0.0.1 at 2011-06-26 03:14:58 +0800
  Processing by Omnisocial::AuthController#callback as HTML
  Parameters: {"code"=>"j0cAG5BJHBH1eSyY15t9vy8Tv8PaB_I74S7rRVLlyDM.eyJpdiI6ImdIU1FqcUZ6bXVpVHN5TTl4RDlzVkEifQ.JaiBPTjBFJvjCnQMlFaj_1rXBoKF3_MXtbexIMJa_kxrQXL5LWXUsoq3KgVXqFXIfshHFQe41yqnmrkFCWpEAbJQfvPJCGrv5wyl4k0aIfiBETYT8UevXa3uRFvIgw6E", "service"=>"facebook"}
  [1m[36mSQL (0.2ms)[0m  [1m SELECT name
 FROM sqlite_master
 WHERE type = 'table' AND NOT name = 'sqlite_sequence'
[0m
  [1m[35mOmnisocial::FacebookAccount Load (0.2ms)[0m  SELECT "login_accounts".* FROM "login_accounts" WHERE "login_accounts"."type" = 'Omnisocial::FacebookAccount' AND "login_accounts"."remote_account_id" = '562518230' LIMIT 1
  [1m[36mAREL (0.5ms)[0m  [1mINSERT INTO "login_accounts" ("type", "user_id", "remote_account_id", "name", "login", "picture_url", "access_token", "access_token_secret", "created_at", "updated_at") VALUES ('Omnisocial::FacebookAccount', NULL, '562518230', 'Radamanthus Batnag', 'radamanthus', NULL, '189864847732737|2.AQBAB_0ujomfLfTF.3600.1309035600.1-562518230|BLSG-j3OzLoeAshQfwBx5VFvfCw', NULL, '2011-06-25 19:15:02.279244', '2011-06-25 19:15:02.279244')[0m
  [1m[35mAREL (0.3ms)[0m  INSERT INTO "users" ("remember_token", "created_at", "updated_at") VALUES (NULL, '2011-06-25 19:15:02.453401', '2011-06-25 19:15:02.453401')
  [1m[36mAREL (0.1ms)[0m  [1mUPDATE "login_accounts" SET "user_id" = 1, "updated_at" = '2011-06-25 19:15:02.457769' WHERE "login_accounts"."type" = 'Omnisocial::FacebookAccount' AND "login_accounts"."id" = 1[0m
  [1m[35mAREL (0.3ms)[0m  UPDATE "users" SET "remember_token" = '$2a$10$w5M5.CG2NK1QqZwwOWkS7.mG7LFa4EzSKQUdt.xSkmsIHS7Percd6', "updated_at" = '2011-06-25 19:15:02.532720' WHERE "users"."id" = 1
Redirected to http://www.flamesyourfriends.com:3000/
Completed 302 Found in 513ms


Started GET "/" for 127.0.0.1 at 2011-06-26 03:15:02 +0800
  Processing by HomeController#index as HTML
  [1m[36mUser Load (0.1ms)[0m  [1mSELECT "users".* FROM "users" WHERE "users"."id" = 1 LIMIT 1[0m
  [1m[35mOmnisocial::LoginAccount Load (0.5ms)[0m  SELECT "login_accounts".* FROM "login_accounts" WHERE ("login_accounts".user_id = 1) LIMIT 1
Rendered home/index.html.erb within layouts/application (1590.1ms)
Completed 200 OK in 1595ms (Views: 1594.5ms | ActiveRecord: 2.3ms)
  [1m[36mSQL (0.5ms)[0m  [1m SELECT name
 FROM sqlite_master
 WHERE type = 'table' AND NOT name = 'sqlite_sequence'
[0m
  [1m[35mSQL (0.1ms)[0m   SELECT name
 FROM sqlite_master
 WHERE type = 'table' AND NOT name = 'sqlite_sequence'
  [1m[36mSQL (0.1ms)[0m  [1mSELECT "schema_migrations"."version" FROM "schema_migrations"[0m
Migrating to CreateOmnisocialTables (20110604195325)
Migrating to CreateStories (20110625191653)
  [1m[35mSQL (0.1ms)[0m  select sqlite_version(*)
  [1m[36mSQL (0.5ms)[0m  [1mCREATE TABLE "stories" ("id" INTEGER PRIMARY KEY AUTOINCREMENT NOT NULL, "code" varchar(255), "title" varchar(255), "position" varchar(255), "body" text, "created_at" datetime, "updated_at" datetime) [0m
  [1m[35mSQL (0.1ms)[0m  PRAGMA index_list("stories")
  [1m[36mSQL (0.3ms)[0m  [1mCREATE INDEX "index_stories_on_code_and_position" ON "stories" ("code", "position")[0m
  [1m[35mSQL (0.2ms)[0m  INSERT INTO "schema_migrations" ("version") VALUES ('20110625191653')
  [1m[36mSQL (0.2ms)[0m  [1m SELECT name
 FROM sqlite_master
 WHERE type = 'table' AND NOT name = 'sqlite_sequence'
[0m
  [1m[35mSQL (0.1ms)[0m  SELECT "schema_migrations"."version" FROM "schema_migrations"
  [1m[36mSQL (0.1ms)[0m  [1m SELECT name
 FROM sqlite_master
 WHERE type = 'table' AND NOT name = 'sqlite_sequence'
[0m
  [1m[35mSQL (0.1ms)[0m  PRAGMA index_list("login_accounts")
  [1m[36mSQL (0.0ms)[0m  [1mPRAGMA index_info('index_login_accounts_on_type')[0m
  [1m[35mSQL (0.1ms)[0m  PRAGMA index_info('index_login_accounts_on_user_id')
  [1m[36mSQL (0.1ms)[0m  [1mPRAGMA index_list("stories")[0m
  [1m[35mSQL (0.0ms)[0m  PRAGMA index_info('index_stories_on_code_and_position')
  [1m[36mSQL (0.0ms)[0m  [1mPRAGMA index_list("users")[0m
  [1m[36mSQL (0.5ms)[0m  [1m SELECT name
 FROM sqlite_master
 WHERE type = 'table' AND NOT name = 'sqlite_sequence'
[0m
  [1m[35mSQL (0.1ms)[0m   SELECT name
 FROM sqlite_master
 WHERE type = 'table' AND NOT name = 'sqlite_sequence'
  [1m[36mSQL (0.1ms)[0m  [1mSELECT "schema_migrations"."version" FROM "schema_migrations"[0m
  [1m[35mSQL (0.1ms)[0m   SELECT name
 FROM sqlite_master
 WHERE type = 'table' AND NOT name = 'sqlite_sequence'
  [1m[36mSQL (0.1ms)[0m  [1mSELECT "schema_migrations"."version" FROM "schema_migrations"[0m
Migrating to CreateStories (20110625191653)
  [1m[35mSQL (0.0ms)[0m  select sqlite_version(*)
  [1m[36mSQL (26.8ms)[0m  [1mDROP TABLE "stories"[0m
  [1m[35mAREL (0.1ms)[0m  DELETE FROM "schema_migrations" WHERE "schema_migrations"."version" = '20110625191653'
  [1m[36mSQL (0.2ms)[0m  [1m SELECT name
 FROM sqlite_master
 WHERE type = 'table' AND NOT name = 'sqlite_sequence'
[0m
  [1m[35mSQL (0.1ms)[0m  SELECT "schema_migrations"."version" FROM "schema_migrations"
  [1m[36mSQL (0.1ms)[0m  [1m SELECT name
 FROM sqlite_master
 WHERE type = 'table' AND NOT name = 'sqlite_sequence'
[0m
  [1m[35mSQL (0.1ms)[0m  PRAGMA index_list("login_accounts")
  [1m[36mSQL (0.0ms)[0m  [1mPRAGMA index_info('index_login_accounts_on_type')[0m
  [1m[35mSQL (0.0ms)[0m  PRAGMA index_info('index_login_accounts_on_user_id')
  [1m[36mSQL (0.1ms)[0m  [1mPRAGMA index_list("users")[0m
  [1m[35mSQL (0.1ms)[0m   SELECT name
 FROM sqlite_master
 WHERE type = 'table' AND NOT name = 'sqlite_sequence'
  [1m[36mSQL (0.1ms)[0m  [1mSELECT "schema_migrations"."version" FROM "schema_migrations"[0m
Migrating to CreateOmnisocialTables (20110604195325)
Migrating to CreateStories (20110625191653)
  [1m[35mSQL (0.4ms)[0m  CREATE TABLE "stories" ("id" INTEGER PRIMARY KEY AUTOINCREMENT NOT NULL, "code" varchar(255), "title" varchar(255), "position" integer, "body" text, "created_at" datetime, "updated_at" datetime) 
  [1m[36mSQL (0.0ms)[0m  [1mPRAGMA index_list("stories")[0m
  [1m[35mSQL (0.1ms)[0m  CREATE INDEX "index_stories_on_code_and_position" ON "stories" ("code", "position")
  [1m[36mSQL (0.1ms)[0m  [1mINSERT INTO "schema_migrations" ("version") VALUES ('20110625191653')[0m
  [1m[35mSQL (0.2ms)[0m   SELECT name
 FROM sqlite_master
 WHERE type = 'table' AND NOT name = 'sqlite_sequence'
  [1m[36mSQL (0.1ms)[0m  [1mSELECT "schema_migrations"."version" FROM "schema_migrations"[0m
  [1m[35mSQL (0.2ms)[0m   SELECT name
 FROM sqlite_master
 WHERE type = 'table' AND NOT name = 'sqlite_sequence'
  [1m[36mSQL (0.1ms)[0m  [1mPRAGMA index_list("login_accounts")[0m
  [1m[35mSQL (0.0ms)[0m  PRAGMA index_info('index_login_accounts_on_type')
  [1m[36mSQL (0.0ms)[0m  [1mPRAGMA index_info('index_login_accounts_on_user_id')[0m
  [1m[35mSQL (0.0ms)[0m  PRAGMA index_list("stories")
  [1m[36mSQL (0.0ms)[0m  [1mPRAGMA index_info('index_stories_on_code_and_position')[0m
  [1m[35mSQL (0.0ms)[0m  PRAGMA index_list("users")
  [1m[36mStory Load (0.4ms)[0m  [1mSELECT "stories".* FROM "stories"[0m
  [1m[35mStory Load (0.2ms)[0m  SELECT "stories".* FROM "stories" ORDER BY code ASC, position ASC
  [1m[36mStory Load (0.1ms)[0m  [1mSELECT "stories".* FROM "stories" LIMIT 1[0m
  [1m[35mSQL (0.2ms)[0m   SELECT name
 FROM sqlite_master
 WHERE type = 'table' AND NOT name = 'sqlite_sequence'
  [1m[36mAREL (9.0ms)[0m  [1mINSERT INTO "stories" ("code", "title", "position", "body", "created_at", "updated_at") VALUES ('F', 'Friends', 1, 'They''re friends', '2011-06-25 19:41:51.094854', '2011-06-25 19:41:51.094854')[0m


Started GET "/" for 127.0.0.1 at 2011-06-26 03:51:48 +0800
  Processing by HomeController#index as HTML
  [1m[36mUser Load (0.1ms)[0m  [1mSELECT "users".* FROM "users" WHERE "users"."id" = 1 LIMIT 1[0m
  [1m[35mOmnisocial::LoginAccount Load (0.6ms)[0m  SELECT "login_accounts".* FROM "login_accounts" WHERE ("login_accounts".user_id = 1) LIMIT 1
Rendered home/index.html.erb within layouts/application (48429.6ms)
Completed 200 OK in 48452ms (Views: 48451.3ms | ActiveRecord: 0.7ms)


Started GET "/stories/new" for 127.0.0.1 at 2011-06-26 03:52:37 +0800
  Processing by StoriesController#new as HTML
Completed   in 1ms

NameError (undefined local variable or method `login_required' for #<StoriesController:0x000001052b90e8>):
  

Rendered /Volumes/Data/Users/rad/.rvm/gems/ruby-1.9.2-p180@flames/gems/actionpack-3.0.7/lib/action_dispatch/middleware/templates/rescues/_trace.erb (1.0ms)
Rendered /Volumes/Data/Users/rad/.rvm/gems/ruby-1.9.2-p180@flames/gems/actionpack-3.0.7/lib/action_dispatch/middleware/templates/rescues/_request_and_response.erb (2.4ms)
Rendered /Volumes/Data/Users/rad/.rvm/gems/ruby-1.9.2-p180@flames/gems/actionpack-3.0.7/lib/action_dispatch/middleware/templates/rescues/diagnostics.erb within rescues/layout (8.0ms)


Started GET "/stories/new" for 127.0.0.1 at 2011-06-26 03:56:33 +0800
  Processing by StoriesController#new as HTML
Completed   in 1ms

NameError (undefined local variable or method `require_login' for #<StoriesController:0x00000103217718>):
  

Rendered /Volumes/Data/Users/rad/.rvm/gems/ruby-1.9.2-p180@flames/gems/actionpack-3.0.7/lib/action_dispatch/middleware/templates/rescues/_trace.erb (1.3ms)
Rendered /Volumes/Data/Users/rad/.rvm/gems/ruby-1.9.2-p180@flames/gems/actionpack-3.0.7/lib/action_dispatch/middleware/templates/rescues/_request_and_response.erb (3.2ms)
Rendered /Volumes/Data/Users/rad/.rvm/gems/ruby-1.9.2-p180@flames/gems/actionpack-3.0.7/lib/action_dispatch/middleware/templates/rescues/diagnostics.erb within rescues/layout (9.4ms)


Started GET "/stories/new" for 127.0.0.1 at 2011-06-26 03:56:35 +0800
  Processing by StoriesController#new as HTML
Completed   in 1ms

NameError (undefined local variable or method `require_login' for #<StoriesController:0x000001057211a8>):
  

Rendered /Volumes/Data/Users/rad/.rvm/gems/ruby-1.9.2-p180@flames/gems/actionpack-3.0.7/lib/action_dispatch/middleware/templates/rescues/_trace.erb (1.0ms)
Rendered /Volumes/Data/Users/rad/.rvm/gems/ruby-1.9.2-p180@flames/gems/actionpack-3.0.7/lib/action_dispatch/middleware/templates/rescues/_request_and_response.erb (2.5ms)
Rendered /Volumes/Data/Users/rad/.rvm/gems/ruby-1.9.2-p180@flames/gems/actionpack-3.0.7/lib/action_dispatch/middleware/templates/rescues/diagnostics.erb within rescues/layout (7.2ms)


Started GET "/stories/new" for 127.0.0.1 at 2011-06-26 03:57:07 +0800
  Processing by StoriesController#new as HTML
  [1m[36mUser Load (0.1ms)[0m  [1mSELECT "users".* FROM "users" WHERE "users"."id" = 1 LIMIT 1[0m
DEPRECATION WARNING: - style block helpers are deprecated. Please use =. (called from block in _app_views_stories__form_html_haml__1274897090718694573_2159005180_1433372088682565815 at /Volumes/Data/Users/rad/Projects/flames/rails_app/app/views/stories/_form.html.haml:2)
DEPRECATION WARNING: - style block helpers are deprecated. Please use =. (called from block in _app_views_stories__form_html_haml__1274897090718694573_2159005180_1433372088682565815 at /Volumes/Data/Users/rad/Projects/flames/rails_app/app/views/stories/_form.html.haml:11)
DEPRECATION WARNING: - style block helpers are deprecated. Please use =. (called from _app_views_stories__form_html_haml__1274897090718694573_2159005180_1433372088682565815 at /Volumes/Data/Users/rad/Projects/flames/rails_app/app/views/stories/_form.html.haml:1)
Rendered stories/_form.html.haml (81.8ms)
Rendered stories/new.html.haml within layouts/application (89.2ms)
Completed 200 OK in 143ms (Views: 97.4ms | ActiveRecord: 0.1ms)


Started GET "/" for 127.0.0.1 at 2011-06-26 10:53:11 +0800
  Processing by HomeController#index as HTML
Rendered home/index.html.erb within layouts/application (39.9ms)
Completed 200 OK in 47ms (Views: 46.7ms | ActiveRecord: 0.0ms)


Started GET "/auth/facebook" for 127.0.0.1 at 2011-06-26 10:53:17 +0800


Started GET "/auth/facebook/callback?code=Hb23tLFiyEhzWxTstA2zOy4AvC4_i8psKpSbz3VKy8s.eyJpdiI6ImtaTHozQWt4aTVJaFNEVldWUEVROEEifQ.yeQP-EriScfldlDosSfj_R1K79-Xw2zVDyoqcr5EvWwaeL0P1_B2ebUExFMzMduEa4gBsxHNGDZAQhT2WbePxya8iD-AWPSmHr5-BVZJjdHqiTvUZ88dMAvSXtZYASZY" for 127.0.0.1 at 2011-06-26 10:53:20 +0800
  Processing by Omnisocial::AuthController#callback as HTML
  Parameters: {"code"=>"Hb23tLFiyEhzWxTstA2zOy4AvC4_i8psKpSbz3VKy8s.eyJpdiI6ImtaTHozQWt4aTVJaFNEVldWUEVROEEifQ.yeQP-EriScfldlDosSfj_R1K79-Xw2zVDyoqcr5EvWwaeL0P1_B2ebUExFMzMduEa4gBsxHNGDZAQhT2WbePxya8iD-AWPSmHr5-BVZJjdHqiTvUZ88dMAvSXtZYASZY", "service"=>"facebook"}
  [1m[36mSQL (0.2ms)[0m  [1m SELECT name
 FROM sqlite_master
 WHERE type = 'table' AND NOT name = 'sqlite_sequence'
[0m
  [1m[35mOmnisocial::FacebookAccount Load (0.5ms)[0m  SELECT "login_accounts".* FROM "login_accounts" WHERE "login_accounts"."type" = 'Omnisocial::FacebookAccount' AND "login_accounts"."remote_account_id" = '562518230' LIMIT 1
  [1m[36mAREL (9.1ms)[0m  [1mUPDATE "login_accounts" SET "access_token" = '189864847732737|2.AQBfKZZ3iw4iB9N-.3600.1309060800.1-562518230|S9X3xMgoL9T8jDubtPE-hVdfczI', "updated_at" = '2011-06-26 02:53:25.361865' WHERE "login_accounts"."type" = 'Omnisocial::FacebookAccount' AND "login_accounts"."id" = 1[0m
  [1m[35mOmnisocial::User Load (0.2ms)[0m  SELECT "users".* FROM "users" WHERE "users"."id" = 1 LIMIT 1
  [1m[36mOmnisocial::LoginAccount Load (0.5ms)[0m  [1mSELECT "login_accounts".* FROM "login_accounts" WHERE ("login_accounts".user_id = 1) LIMIT 1[0m
  [1m[35mAREL (0.3ms)[0m  UPDATE "users" SET "remember_token" = '$2a$10$hCeM58AZqwUDSbMM38KxH.7Z9WgKwJupREN0nbUg70vj77l9wKodC', "updated_at" = '2011-06-26 02:53:25.576720' WHERE "users"."id" = 1
Redirected to http://www.flamesyourfriends.com:3000/
Completed 302 Found in 609ms


Started GET "/" for 127.0.0.1 at 2011-06-26 10:53:25 +0800
  Processing by HomeController#index as HTML
  [1m[36mUser Load (0.1ms)[0m  [1mSELECT "users".* FROM "users" WHERE "users"."id" = 1 LIMIT 1[0m
  [1m[35mOmnisocial::LoginAccount Load (0.6ms)[0m  SELECT "login_accounts".* FROM "login_accounts" WHERE ("login_accounts".user_id = 1) LIMIT 1
Rendered home/index.html.erb within layouts/application (1505.1ms)
Completed 200 OK in 1510ms (Views: 1509.3ms | ActiveRecord: 11.5ms)


Started GET "/stories/new" for 127.0.0.1 at 2011-06-26 10:53:31 +0800
  Processing by StoriesController#new as HTML
  [1m[36mUser Load (0.1ms)[0m  [1mSELECT "users".* FROM "users" WHERE "users"."id" = 1 LIMIT 1[0m
DEPRECATION WARNING: - style block helpers are deprecated. Please use =. (called from block in _app_views_stories__form_html_haml___3501518902456406826_2191524160_2632345190370730663 at /Volumes/Data/Users/rad/Projects/flames/rails_app/app/views/stories/_form.html.haml:2)
DEPRECATION WARNING: - style block helpers are deprecated. Please use =. (called from block in _app_views_stories__form_html_haml___3501518902456406826_2191524160_2632345190370730663 at /Volumes/Data/Users/rad/Projects/flames/rails_app/app/views/stories/_form.html.haml:11)
DEPRECATION WARNING: - style block helpers are deprecated. Please use =. (called from _app_views_stories__form_html_haml___3501518902456406826_2191524160_2632345190370730663 at /Volumes/Data/Users/rad/Projects/flames/rails_app/app/views/stories/_form.html.haml:1)
Rendered stories/_form.html.haml (39.6ms)
Rendered stories/new.html.haml within layouts/application (43.8ms)
Completed 200 OK in 122ms (Views: 49.3ms | ActiveRecord: 0.1ms)


Started POST "/stories" for 127.0.0.1 at 2011-06-26 10:54:44 +0800
  Processing by StoriesController#create as HTML
  Parameters: {"utf8"=>"✓", "authenticity_token"=>"HaLN07Chn8doGE7J9AVVmloqFoI6VvYgXYFKs52NCGI=", "story"=>{"code"=>"F", "position"=>"1", "title"=>"Friends", "body"=>"Just friends. Boring story."}, "commit"=>"Save"}
  [1m[35mUser Load (0.1ms)[0m  SELECT "users".* FROM "users" WHERE "users"."id" = 1 LIMIT 1
  [1m[36mAREL (0.4ms)[0m  [1mINSERT INTO "stories" ("code", "title", "position", "body", "created_at", "updated_at") VALUES ('F', 'Friends', 1, 'Just friends. Boring story.', '2011-06-26 02:54:44.927009', '2011-06-26 02:54:44.927009')[0m
Redirected to 
Completed   in 91ms

NoMethodError (undefined method `index_url' for #<StoriesController:0x00000103cfdc40>):
  app/controllers/stories_controller.rb:10:in `create'

Rendered /Volumes/Data/Users/rad/.rvm/gems/ruby-1.9.2-p180@flames/gems/actionpack-3.0.7/lib/action_dispatch/middleware/templates/rescues/_trace.erb (1.0ms)
Rendered /Volumes/Data/Users/rad/.rvm/gems/ruby-1.9.2-p180@flames/gems/actionpack-3.0.7/lib/action_dispatch/middleware/templates/rescues/_request_and_response.erb (46.4ms)
Rendered /Volumes/Data/Users/rad/.rvm/gems/ruby-1.9.2-p180@flames/gems/actionpack-3.0.7/lib/action_dispatch/middleware/templates/rescues/diagnostics.erb within rescues/layout (52.5ms)


Started GET "/stories/new" for 127.0.0.1 at 2011-06-26 10:55:32 +0800
  Processing by StoriesController#new as HTML
  [1m[35mUser Load (0.2ms)[0m  SELECT "users".* FROM "users" WHERE "users"."id" = 1 LIMIT 1
DEPRECATION WARNING: - style block helpers are deprecated. Please use =. (called from block in _app_views_stories__form_html_haml___3501518902456406826_2179192580_2632345190370730663 at /Volumes/Data/Users/rad/Projects/flames/rails_app/app/views/stories/_form.html.haml:2)
DEPRECATION WARNING: - style block helpers are deprecated. Please use =. (called from block in _app_views_stories__form_html_haml___3501518902456406826_2179192580_2632345190370730663 at /Volumes/Data/Users/rad/Projects/flames/rails_app/app/views/stories/_form.html.haml:11)
DEPRECATION WARNING: - style block helpers are deprecated. Please use =. (called from _app_views_stories__form_html_haml___3501518902456406826_2179192580_2632345190370730663 at /Volumes/Data/Users/rad/Projects/flames/rails_app/app/views/stories/_form.html.haml:1)
Rendered stories/_form.html.haml (16.0ms)
Rendered stories/new.html.haml within layouts/application (23.0ms)
Completed 200 OK in 77ms (Views: 45.2ms | ActiveRecord: 0.7ms)


Started POST "/stories" for 127.0.0.1 at 2011-06-26 10:55:39 +0800
  Processing by StoriesController#create as HTML
  Parameters: {"utf8"=>"✓", "authenticity_token"=>"HaLN07Chn8doGE7J9AVVmloqFoI6VvYgXYFKs52NCGI=", "story"=>{"code"=>"F", "position"=>"2", "title"=>"Friends 2", "body"=>"Just friends. Boring story."}, "commit"=>"Save"}
  [1m[36mUser Load (0.1ms)[0m  [1mSELECT "users".* FROM "users" WHERE "users"."id" = 1 LIMIT 1[0m
  [1m[35mAREL (0.3ms)[0m  INSERT INTO "stories" ("code", "title", "position", "body", "created_at", "updated_at") VALUES ('F', 'Friends 2', 2, 'Just friends. Boring story.', '2011-06-26 02:55:39.581118', '2011-06-26 02:55:39.581118')
Redirected to http://www.flamesyourfriends.com:3000/stories
Completed 302 Found in 41ms


Started GET "/stories" for 127.0.0.1 at 2011-06-26 10:55:39 +0800
  Processing by StoriesController#show as HTML
  [1m[36mUser Load (0.2ms)[0m  [1mSELECT "users".* FROM "users" WHERE "users"."id" = 1 LIMIT 1[0m
Completed   in 27ms

ActiveRecord::RecordNotFound (Couldn't find Story without an ID):
  app/controllers/stories_controller.rb:30:in `show'

Rendered /Volumes/Data/Users/rad/.rvm/gems/ruby-1.9.2-p180@flames/gems/actionpack-3.0.7/lib/action_dispatch/middleware/templates/rescues/_trace.erb (1.0ms)
Rendered /Volumes/Data/Users/rad/.rvm/gems/ruby-1.9.2-p180@flames/gems/actionpack-3.0.7/lib/action_dispatch/middleware/templates/rescues/_request_and_response.erb (6.6ms)
Rendered /Volumes/Data/Users/rad/.rvm/gems/ruby-1.9.2-p180@flames/gems/actionpack-3.0.7/lib/action_dispatch/middleware/templates/rescues/diagnostics.erb within rescues/layout (11.5ms)


Started GET "/stories" for 127.0.0.1 at 2011-06-26 10:56:25 +0800
  Processing by StoriesController#index as HTML
  [1m[36mSQL (0.5ms)[0m  [1m SELECT name
 FROM sqlite_master
 WHERE type = 'table' AND NOT name = 'sqlite_sequence'
[0m
  [1m[35mUser Load (0.1ms)[0m  SELECT "users".* FROM "users" WHERE "users"."id" = 1 LIMIT 1
Completed   in 174ms

ActionView::MissingTemplate (Missing template stories/index with {:handlers=>[:erb, :rjs, :builder, :rhtml, :rxml, :haml], :formats=>[:html], :locale=>[:en, :en]} in view paths "/Volumes/Data/Users/rad/Projects/flames/rails_app/app/views", "/Volumes/Data/Users/rad/.rvm/gems/ruby-1.9.2-p180@flames/bundler/gems/omnisocial-4997d179c78a/app/views", "/Volumes/Data/Users/rad/.rvm/gems/ruby-1.9.2-p180@flames/gems/devise-1.3.4/app/views"):
  

Rendered /Volumes/Data/Users/rad/.rvm/gems/ruby-1.9.2-p180@flames/gems/actionpack-3.0.7/lib/action_dispatch/middleware/templates/rescues/missing_template.erb within rescues/layout (0.8ms)


Started GET "/stories" for 127.0.0.1 at 2011-06-26 11:00:18 +0800
  Processing by StoriesController#index as HTML
  [1m[36mUser Load (0.1ms)[0m  [1mSELECT "users".* FROM "users" WHERE "users"."id" = 1 LIMIT 1[0m
  [1m[35mStory Load (0.2ms)[0m  SELECT "stories".* FROM "stories" ORDER BY code ASC, position ASC
Rendered stories/index.html.haml within layouts/application (4.3ms)
Completed 200 OK in 77ms (Views: 49.4ms | ActiveRecord: 0.4ms)


Started GET "/stories" for 127.0.0.1 at 2011-06-26 11:00:44 +0800
  Processing by StoriesController#index as HTML
  [1m[36mUser Load (0.1ms)[0m  [1mSELECT "users".* FROM "users" WHERE "users"."id" = 1 LIMIT 1[0m
  [1m[35mStory Load (0.2ms)[0m  SELECT "stories".* FROM "stories" ORDER BY code ASC, position ASC
Rendered stories/index.html.haml within layouts/application (4.2ms)
Completed 200 OK in 37ms (Views: 9.2ms | ActiveRecord: 0.4ms)


Started GET "/stories" for 127.0.0.1 at 2011-06-26 11:00:53 +0800
  Processing by StoriesController#index as HTML
  [1m[36mUser Load (0.2ms)[0m  [1mSELECT "users".* FROM "users" WHERE "users"."id" = 1 LIMIT 1[0m
  [1m[35mStory Load (0.2ms)[0m  SELECT "stories".* FROM "stories" ORDER BY code ASC, position ASC
Rendered stories/index.html.haml within layouts/application (12.9ms)
Completed 200 OK in 94ms (Views: 17.8ms | ActiveRecord: 0.4ms)


Started GET "/stories" for 127.0.0.1 at 2011-06-26 11:01:02 +0800
  Processing by StoriesController#index as HTML
  [1m[36mUser Load (0.2ms)[0m  [1mSELECT "users".* FROM "users" WHERE "users"."id" = 1 LIMIT 1[0m
  [1m[35mStory Load (0.3ms)[0m  SELECT "stories".* FROM "stories" ORDER BY code ASC, position ASC
Rendered stories/index.html.haml within layouts/application (15.6ms)
Completed 200 OK in 103ms (Views: 20.6ms | ActiveRecord: 0.4ms)


Started GET "/stories" for 127.0.0.1 at 2011-06-26 11:01:28 +0800
  Processing by StoriesController#index as HTML
  [1m[36mUser Load (0.1ms)[0m  [1mSELECT "users".* FROM "users" WHERE "users"."id" = 1 LIMIT 1[0m
Rendered stories/index.html.haml within layouts/application (0.7ms)
Completed   in 32ms

ActionView::Template::Error (Illegal nesting: content can't be both given on the same line as %table and nested within it.):
    1: %table border=1
    2:   %tr
    3:     %th Code
    4:     %th Position
    5:     %th Title
  app/views/stories/index.html.haml:2

Rendered /Volumes/Data/Users/rad/.rvm/gems/ruby-1.9.2-p180@flames/gems/actionpack-3.0.7/lib/action_dispatch/middleware/templates/rescues/_trace.erb (1.1ms)
  [1m[35mStory Load (0.2ms)[0m  SELECT "stories".* FROM "stories" ORDER BY code ASC, position ASC
Rendered /Volumes/Data/Users/rad/.rvm/gems/ruby-1.9.2-p180@flames/gems/actionpack-3.0.7/lib/action_dispatch/middleware/templates/rescues/_request_and_response.erb (13.2ms)
Rendered /Volumes/Data/Users/rad/.rvm/gems/ruby-1.9.2-p180@flames/gems/actionpack-3.0.7/lib/action_dispatch/middleware/templates/rescues/template_error.erb within rescues/layout (18.3ms)


Started GET "/stories" for 127.0.0.1 at 2011-06-26 11:01:39 +0800
  Processing by StoriesController#index as HTML
  [1m[36mUser Load (0.2ms)[0m  [1mSELECT "users".* FROM "users" WHERE "users"."id" = 1 LIMIT 1[0m
  [1m[35mStory Load (0.3ms)[0m  SELECT "stories".* FROM "stories" ORDER BY code ASC, position ASC
Rendered stories/index.html.haml within layouts/application (54.4ms)
Completed 200 OK in 86ms (Views: 59.3ms | ActiveRecord: 0.6ms)


Started GET "/stories" for 127.0.0.1 at 2011-06-26 11:01:52 +0800
  Processing by StoriesController#index as HTML
  [1m[36mUser Load (0.1ms)[0m  [1mSELECT "users".* FROM "users" WHERE "users"."id" = 1 LIMIT 1[0m
  [1m[35mStory Load (0.2ms)[0m  SELECT "stories".* FROM "stories" ORDER BY code ASC, position ASC
Rendered stories/index.html.haml within layouts/application (11.2ms)
Completed 200 OK in 48ms (Views: 16.0ms | ActiveRecord: 0.4ms)


Started GET "/stories" for 127.0.0.1 at 2011-06-26 11:03:13 +0800
  Processing by StoriesController#index as HTML
  [1m[36mUser Load (0.2ms)[0m  [1mSELECT "users".* FROM "users" WHERE "users"."id" = 1 LIMIT 1[0m
Rendered stories/index.html.haml within layouts/application (0.6ms)
Completed   in 49ms

ActionView::Template::Error (Illegal nesting: content can't be both given on the same line as %table and nested within it.):
    1: %table {:border => 1}
    2:   %tr
    3:     %th Code
    4:     %th Position
    5:     %th Title
  app/views/stories/index.html.haml:2

Rendered /Volumes/Data/Users/rad/.rvm/gems/ruby-1.9.2-p180@flames/gems/actionpack-3.0.7/lib/action_dispatch/middleware/templates/rescues/_trace.erb (1.2ms)
  [1m[35mStory Load (0.2ms)[0m  SELECT "stories".* FROM "stories" ORDER BY code ASC, position ASC
Rendered /Volumes/Data/Users/rad/.rvm/gems/ruby-1.9.2-p180@flames/gems/actionpack-3.0.7/lib/action_dispatch/middleware/templates/rescues/_request_and_response.erb (14.9ms)
Rendered /Volumes/Data/Users/rad/.rvm/gems/ruby-1.9.2-p180@flames/gems/actionpack-3.0.7/lib/action_dispatch/middleware/templates/rescues/template_error.erb within rescues/layout (19.9ms)


Started GET "/stories" for 127.0.0.1 at 2011-06-26 11:04:06 +0800
  Processing by StoriesController#index as HTML
  [1m[36mUser Load (0.1ms)[0m  [1mSELECT "users".* FROM "users" WHERE "users"."id" = 1 LIMIT 1[0m
  [1m[35mStory Load (0.2ms)[0m  SELECT "stories".* FROM "stories" ORDER BY code ASC, position ASC
Rendered stories/index.html.haml within layouts/application (27.5ms)
Completed 200 OK in 59ms (Views: 32.4ms | ActiveRecord: 0.6ms)


Started GET "/stories" for 127.0.0.1 at 2011-06-26 11:04:28 +0800
  Processing by StoriesController#index as HTML
  [1m[36mUser Load (0.2ms)[0m  [1mSELECT "users".* FROM "users" WHERE "users"."id" = 1 LIMIT 1[0m
  [1m[35mStory Load (0.2ms)[0m  SELECT "stories".* FROM "stories" ORDER BY code ASC, position ASC
Rendered stories/index.html.haml within layouts/application (12.5ms)
Completed 200 OK in 98ms (Views: 17.7ms | ActiveRecord: 0.4ms)


Started GET "/stories/new" for 127.0.0.1 at 2011-06-26 11:05:02 +0800
  Processing by StoriesController#new as HTML
  [1m[36mUser Load (0.1ms)[0m  [1mSELECT "users".* FROM "users" WHERE "users"."id" = 1 LIMIT 1[0m
DEPRECATION WARNING: - style block helpers are deprecated. Please use =. (called from block in _app_views_stories__form_html_haml__89184967706394629_2187285840_2307804014894199039 at /Volumes/Data/Users/rad/Projects/flames/rails_app/app/views/stories/_form.html.haml:2)
DEPRECATION WARNING: - style block helpers are deprecated. Please use =. (called from block in _app_views_stories__form_html_haml__89184967706394629_2187285840_2307804014894199039 at /Volumes/Data/Users/rad/Projects/flames/rails_app/app/views/stories/_form.html.haml:11)
DEPRECATION WARNING: - style block helpers are deprecated. Please use =. (called from _app_views_stories__form_html_haml__89184967706394629_2187285840_2307804014894199039 at /Volumes/Data/Users/rad/Projects/flames/rails_app/app/views/stories/_form.html.haml:1)
Rendered stories/_form.html.haml (42.6ms)
Rendered stories/new.html.haml within layouts/application (46.8ms)
Completed 200 OK in 126ms (Views: 52.0ms | ActiveRecord: 0.1ms)


Started POST "/stories" for 127.0.0.1 at 2011-06-26 11:05:11 +0800
  Processing by StoriesController#create as HTML
  Parameters: {"utf8"=>"✓", "authenticity_token"=>"HaLN07Chn8doGE7J9AVVmloqFoI6VvYgXYFKs52NCGI=", "story"=>{"code"=>"F", "position"=>"1", "title"=>"F1", "body"=>"F1"}, "commit"=>"Save"}
  [1m[35mUser Load (0.2ms)[0m  SELECT "users".* FROM "users" WHERE "users"."id" = 1 LIMIT 1
  [1m[36mSQL (0.2ms)[0m  [1mSELECT 1 FROM "stories" WHERE ("stories"."code" = 'F') LIMIT 1[0m
  [1m[35mSQL (0.1ms)[0m  SELECT 1 FROM "stories" WHERE ("stories"."position" = 1) LIMIT 1
Redirected to http://www.flamesyourfriends.com:3000/stories/new
Completed 302 Found in 134ms


Started GET "/stories/new" for 127.0.0.1 at 2011-06-26 11:05:11 +0800
  Processing by StoriesController#new as HTML
  [1m[36mUser Load (0.1ms)[0m  [1mSELECT "users".* FROM "users" WHERE "users"."id" = 1 LIMIT 1[0m
DEPRECATION WARNING: - style block helpers are deprecated. Please use =. (called from block in _app_views_stories__form_html_haml__89184967706394629_2187074000_2307804014894199039 at /Volumes/Data/Users/rad/Projects/flames/rails_app/app/views/stories/_form.html.haml:2)
DEPRECATION WARNING: - style block helpers are deprecated. Please use =. (called from block in _app_views_stories__form_html_haml__89184967706394629_2187074000_2307804014894199039 at /Volumes/Data/Users/rad/Projects/flames/rails_app/app/views/stories/_form.html.haml:11)
DEPRECATION WARNING: - style block helpers are deprecated. Please use =. (called from _app_views_stories__form_html_haml__89184967706394629_2187074000_2307804014894199039 at /Volumes/Data/Users/rad/Projects/flames/rails_app/app/views/stories/_form.html.haml:1)
Rendered stories/_form.html.haml (18.5ms)
Rendered stories/new.html.haml within layouts/application (22.5ms)
Completed 200 OK in 103ms (Views: 28.6ms | ActiveRecord: 0.6ms)


Started GET "/stories" for 127.0.0.1 at 2011-06-26 11:05:17 +0800
  Processing by StoriesController#index as HTML
  [1m[35mUser Load (0.1ms)[0m  SELECT "users".* FROM "users" WHERE "users"."id" = 1 LIMIT 1
  [1m[36mStory Load (0.2ms)[0m  [1mSELECT "stories".* FROM "stories" ORDER BY code ASC, position ASC[0m
Rendered stories/index.html.haml within layouts/application (11.4ms)
Completed 200 OK in 85ms (Views: 16.1ms | ActiveRecord: 0.4ms)


Started GET "/stories" for 127.0.0.1 at 2011-06-26 11:13:51 +0800
  Processing by StoriesController#index as HTML
  [1m[35mUser Load (0.1ms)[0m  SELECT "users".* FROM "users" WHERE "users"."id" = 1 LIMIT 1
  [1m[36mStory Load (0.3ms)[0m  [1mSELECT "stories".* FROM "stories" ORDER BY code ASC, position ASC[0m
Rendered stories/index.html.haml within layouts/application (23.6ms)
Completed 200 OK in 144ms (Views: 75.1ms | ActiveRecord: 0.4ms)


Started GET "/stories/new" for 127.0.0.1 at 2011-06-26 11:13:55 +0800
  Processing by StoriesController#new as HTML
  [1m[35mUser Load (0.1ms)[0m  SELECT "users".* FROM "users" WHERE "users"."id" = 1 LIMIT 1
DEPRECATION WARNING: - style block helpers are deprecated. Please use =. (called from block in _app_views_stories__form_html_haml__89184967706394629_2187741820_2307804014894199039 at /Volumes/Data/Users/rad/Projects/flames/rails_app/app/views/stories/_form.html.haml:2)
DEPRECATION WARNING: - style block helpers are deprecated. Please use =. (called from block in _app_views_stories__form_html_haml__89184967706394629_2187741820_2307804014894199039 at /Volumes/Data/Users/rad/Projects/flames/rails_app/app/views/stories/_form.html.haml:11)
DEPRECATION WARNING: - style block helpers are deprecated. Please use =. (called from _app_views_stories__form_html_haml__89184967706394629_2187741820_2307804014894199039 at /Volumes/Data/Users/rad/Projects/flames/rails_app/app/views/stories/_form.html.haml:1)
Rendered stories/_form.html.haml (31.2ms)
Rendered stories/new.html.haml within layouts/application (35.6ms)
Completed 200 OK in 111ms (Views: 40.7ms | ActiveRecord: 0.1ms)


Started POST "/stories" for 127.0.0.1 at 2011-06-26 11:14:01 +0800
  Processing by StoriesController#create as HTML
  Parameters: {"utf8"=>"✓", "authenticity_token"=>"HaLN07Chn8doGE7J9AVVmloqFoI6VvYgXYFKs52NCGI=", "story"=>{"code"=>"F", "position"=>"1", "title"=>"F1", "body"=>"f1"}, "commit"=>"Save"}
  [1m[36mUser Load (0.1ms)[0m  [1mSELECT "users".* FROM "users" WHERE "users"."id" = 1 LIMIT 1[0m
  [1m[35mSQL (0.2ms)[0m  SELECT 1 FROM "stories" WHERE ("stories"."code" = 'F') LIMIT 1
  [1m[36mSQL (0.1ms)[0m  [1mSELECT 1 FROM "stories" WHERE ("stories"."position" = 1) LIMIT 1[0m
Redirected to http://www.flamesyourfriends.com:3000/stories/new
Completed 302 Found in 81ms


Started GET "/stories/new" for 127.0.0.1 at 2011-06-26 11:14:01 +0800
  Processing by StoriesController#new as HTML
  [1m[35mUser Load (0.2ms)[0m  SELECT "users".* FROM "users" WHERE "users"."id" = 1 LIMIT 1
DEPRECATION WARNING: - style block helpers are deprecated. Please use =. (called from block in _app_views_stories__form_html_haml__89184967706394629_2175920600_2307804014894199039 at /Volumes/Data/Users/rad/Projects/flames/rails_app/app/views/stories/_form.html.haml:2)
DEPRECATION WARNING: - style block helpers are deprecated. Please use =. (called from block in _app_views_stories__form_html_haml__89184967706394629_2175920600_2307804014894199039 at /Volumes/Data/Users/rad/Projects/flames/rails_app/app/views/stories/_form.html.haml:11)
DEPRECATION WARNING: - style block helpers are deprecated. Please use =. (called from _app_views_stories__form_html_haml__89184967706394629_2175920600_2307804014894199039 at /Volumes/Data/Users/rad/Projects/flames/rails_app/app/views/stories/_form.html.haml:1)
Rendered stories/_form.html.haml (59.2ms)
Rendered stories/new.html.haml within layouts/application (63.1ms)
Completed 200 OK in 103ms (Views: 68.5ms | ActiveRecord: 0.7ms)


Started GET "/stories" for 127.0.0.1 at 2011-06-26 11:20:54 +0800
  Processing by StoriesController#index as HTML
  [1m[36mUser Load (0.1ms)[0m  [1mSELECT "users".* FROM "users" WHERE "users"."id" = 1 LIMIT 1[0m
  [1m[35mStory Load (0.2ms)[0m  SELECT "stories".* FROM "stories" ORDER BY code ASC, position ASC
Rendered stories/index.html.haml within layouts/application (15.5ms)
Completed 200 OK in 65ms (Views: 36.6ms | ActiveRecord: 0.4ms)


Started GET "/stories" for 127.0.0.1 at 2011-06-26 11:20:56 +0800
  Processing by StoriesController#index as HTML
  [1m[36mUser Load (0.1ms)[0m  [1mSELECT "users".* FROM "users" WHERE "users"."id" = 1 LIMIT 1[0m
  [1m[35mStory Load (0.2ms)[0m  SELECT "stories".* FROM "stories" ORDER BY code ASC, position ASC
Rendered stories/index.html.haml within layouts/application (11.4ms)
Completed 200 OK in 43ms (Views: 16.5ms | ActiveRecord: 0.3ms)


Started GET "/stories" for 127.0.0.1 at 2011-06-26 11:26:17 +0800
  Processing by StoriesController#index as HTML
  [1m[36mUser Load (0.2ms)[0m  [1mSELECT "users".* FROM "users" WHERE "users"."id" = 1 LIMIT 1[0m
  [1m[35mStory Load (0.3ms)[0m  SELECT "stories".* FROM "stories" ORDER BY code ASC, position ASC
Rendered stories/index.html.haml within layouts/application (13.4ms)
Completed 200 OK in 101ms (Views: 18.4ms | ActiveRecord: 0.4ms)


Started GET "/stories/new" for 127.0.0.1 at 2011-06-26 11:26:20 +0800
  Processing by StoriesController#new as HTML
  [1m[36mUser Load (0.2ms)[0m  [1mSELECT "users".* FROM "users" WHERE "users"."id" = 1 LIMIT 1[0m
DEPRECATION WARNING: - style block helpers are deprecated. Please use =. (called from block in _app_views_stories__form_html_haml__89184967706394629_2187125900_2307804014894199039 at /Volumes/Data/Users/rad/Projects/flames/rails_app/app/views/stories/_form.html.haml:2)
DEPRECATION WARNING: - style block helpers are deprecated. Please use =. (called from block in _app_views_stories__form_html_haml__89184967706394629_2187125900_2307804014894199039 at /Volumes/Data/Users/rad/Projects/flames/rails_app/app/views/stories/_form.html.haml:11)
DEPRECATION WARNING: - style block helpers are deprecated. Please use =. (called from _app_views_stories__form_html_haml__89184967706394629_2187125900_2307804014894199039 at /Volumes/Data/Users/rad/Projects/flames/rails_app/app/views/stories/_form.html.haml:1)
Rendered stories/_form.html.haml (13.3ms)
Rendered stories/new.html.haml within layouts/application (17.3ms)
Completed 200 OK in 94ms (Views: 22.3ms | ActiveRecord: 0.2ms)


Started POST "/stories" for 127.0.0.1 at 2011-06-26 11:26:26 +0800
  Processing by StoriesController#create as HTML
  Parameters: {"utf8"=>"✓", "authenticity_token"=>"HaLN07Chn8doGE7J9AVVmloqFoI6VvYgXYFKs52NCGI=", "story"=>{"code"=>"F", "position"=>"1", "title"=>"F1", "body"=>"F1"}, "commit"=>"Save"}
  [1m[35mUser Load (0.1ms)[0m  SELECT "users".* FROM "users" WHERE "users"."id" = 1 LIMIT 1
  [1m[36mSQL (0.1ms)[0m  [1mSELECT 1 FROM "stories" WHERE ("stories"."code" = 'F') LIMIT 1[0m
  [1m[35mSQL (0.1ms)[0m  SELECT 1 FROM "stories" WHERE ("stories"."position" = 1) LIMIT 1
Redirected to http://www.flamesyourfriends.com:3000/stories/new
Completed 302 Found in 86ms


Started GET "/stories/new" for 127.0.0.1 at 2011-06-26 11:26:26 +0800
  Processing by StoriesController#new as HTML
  [1m[36mUser Load (0.3ms)[0m  [1mSELECT "users".* FROM "users" WHERE "users"."id" = 1 LIMIT 1[0m
DEPRECATION WARNING: - style block helpers are deprecated. Please use =. (called from block in _app_views_stories__form_html_haml__89184967706394629_2187687520_2307804014894199039 at /Volumes/Data/Users/rad/Projects/flames/rails_app/app/views/stories/_form.html.haml:2)
DEPRECATION WARNING: - style block helpers are deprecated. Please use =. (called from block in _app_views_stories__form_html_haml__89184967706394629_2187687520_2307804014894199039 at /Volumes/Data/Users/rad/Projects/flames/rails_app/app/views/stories/_form.html.haml:11)
DEPRECATION WARNING: - style block helpers are deprecated. Please use =. (called from _app_views_stories__form_html_haml__89184967706394629_2187687520_2307804014894199039 at /Volumes/Data/Users/rad/Projects/flames/rails_app/app/views/stories/_form.html.haml:1)
Rendered stories/_form.html.haml (13.9ms)
Rendered stories/new.html.haml within layouts/application (17.9ms)
Completed 200 OK in 100ms (Views: 22.9ms | ActiveRecord: 0.7ms)


Started POST "/stories" for 127.0.0.1 at 2011-06-26 11:26:35 +0800
  Processing by StoriesController#create as HTML
  Parameters: {"utf8"=>"✓", "authenticity_token"=>"HaLN07Chn8doGE7J9AVVmloqFoI6VvYgXYFKs52NCGI=", "story"=>{"code"=>"F3", "position"=>"3", "title"=>"F3", "body"=>"F3"}, "commit"=>"Save"}
  [1m[35mUser Load (0.1ms)[0m  SELECT "users".* FROM "users" WHERE "users"."id" = 1 LIMIT 1
  [1m[36mSQL (0.1ms)[0m  [1mSELECT 1 FROM "stories" WHERE ("stories"."code" = 'F3') LIMIT 1[0m
  [1m[35mSQL (0.1ms)[0m  SELECT 1 FROM "stories" WHERE ("stories"."position" = 3) LIMIT 1
  [1m[36mAREL (7.9ms)[0m  [1mINSERT INTO "stories" ("code", "title", "position", "body", "created_at", "updated_at") VALUES ('F3', 'F3', 3, 'F3', '2011-06-26 03:26:35.918271', '2011-06-26 03:26:35.918271')[0m
Redirected to http://www.flamesyourfriends.com:3000/stories
Completed 302 Found in 110ms


Started GET "/stories" for 127.0.0.1 at 2011-06-26 11:26:35 +0800
  Processing by StoriesController#index as HTML
  [1m[35mUser Load (0.2ms)[0m  SELECT "users".* FROM "users" WHERE "users"."id" = 1 LIMIT 1
  [1m[36mStory Load (0.3ms)[0m  [1mSELECT "stories".* FROM "stories" ORDER BY code ASC, position ASC[0m
Rendered stories/index.html.haml within layouts/application (54.0ms)
Completed 200 OK in 91ms (Views: 59.0ms | ActiveRecord: 8.7ms)


Started GET "/stories/new" for 127.0.0.1 at 2011-06-26 11:27:53 +0800
  Processing by StoriesController#new as HTML
  [1m[35mUser Load (0.1ms)[0m  SELECT "users".* FROM "users" WHERE "users"."id" = 1 LIMIT 1
DEPRECATION WARNING: - style block helpers are deprecated. Please use =. (called from block in _app_views_stories__form_html_haml__89184967706394629_2174442480_2307804014894199039 at /Volumes/Data/Users/rad/Projects/flames/rails_app/app/views/stories/_form.html.haml:2)
DEPRECATION WARNING: - style block helpers are deprecated. Please use =. (called from block in _app_views_stories__form_html_haml__89184967706394629_2174442480_2307804014894199039 at /Volumes/Data/Users/rad/Projects/flames/rails_app/app/views/stories/_form.html.haml:11)
DEPRECATION WARNING: - style block helpers are deprecated. Please use =. (called from _app_views_stories__form_html_haml__89184967706394629_2174442480_2307804014894199039 at /Volumes/Data/Users/rad/Projects/flames/rails_app/app/views/stories/_form.html.haml:1)
Rendered stories/_form.html.haml (55.2ms)
Rendered stories/new.html.haml within layouts/application (59.1ms)
Completed 200 OK in 93ms (Views: 64.1ms | ActiveRecord: 0.1ms)


Started POST "/stories" for 127.0.0.1 at 2011-06-26 11:28:01 +0800
  Processing by StoriesController#create as HTML
  Parameters: {"utf8"=>"✓", "authenticity_token"=>"HaLN07Chn8doGE7J9AVVmloqFoI6VvYgXYFKs52NCGI=", "story"=>{"code"=>"F", "position"=>"1", "title"=>"F1", "body"=>"F1"}, "commit"=>"Save"}
  [1m[36mUser Load (0.1ms)[0m  [1mSELECT "users".* FROM "users" WHERE "users"."id" = 1 LIMIT 1[0m
  [1m[35mSQL (0.1ms)[0m  SELECT 1 FROM "stories" WHERE ("stories"."code" = 'F') LIMIT 1
  [1m[36mSQL (0.1ms)[0m  [1mSELECT 1 FROM "stories" WHERE ("stories"."position" = 1) LIMIT 1[0m
Completed   in 81ms

ActionController::RoutingError (No route matches {:action=>"create", :controller=>"stories", :utf8=>"✓", :authenticity_token=>"HaLN07Chn8doGE7J9AVVmloqFoI6VvYgXYFKs52NCGI=", :story=>{"code"=>"F", "position"=>"1", "title"=>"F1", "body"=>"F1"}, :commit=>"Save"}):
  app/controllers/stories_controller.rb:13:in `create'

Rendered /Volumes/Data/Users/rad/.rvm/gems/ruby-1.9.2-p180@flames/gems/actionpack-3.0.7/lib/action_dispatch/middleware/templates/rescues/routing_error.erb within rescues/layout (1.1ms)


Started GET "/stories/new" for 127.0.0.1 at 2011-06-26 11:28:48 +0800
  Processing by StoriesController#new as HTML
  [1m[35mUser Load (0.1ms)[0m  SELECT "users".* FROM "users" WHERE "users"."id" = 1 LIMIT 1
DEPRECATION WARNING: - style block helpers are deprecated. Please use =. (called from block in _app_views_stories__form_html_haml__89184967706394629_2175787600_2307804014894199039 at /Volumes/Data/Users/rad/Projects/flames/rails_app/app/views/stories/_form.html.haml:2)
DEPRECATION WARNING: - style block helpers are deprecated. Please use =. (called from block in _app_views_stories__form_html_haml__89184967706394629_2175787600_2307804014894199039 at /Volumes/Data/Users/rad/Projects/flames/rails_app/app/views/stories/_form.html.haml:11)
DEPRECATION WARNING: - style block helpers are deprecated. Please use =. (called from _app_views_stories__form_html_haml__89184967706394629_2175787600_2307804014894199039 at /Volumes/Data/Users/rad/Projects/flames/rails_app/app/views/stories/_form.html.haml:1)
Rendered stories/_form.html.haml (54.9ms)
Rendered stories/new.html.haml within layouts/application (59.1ms)
Completed 200 OK in 94ms (Views: 64.6ms | ActiveRecord: 0.5ms)


Started POST "/stories" for 127.0.0.1 at 2011-06-26 11:29:16 +0800
  Processing by StoriesController#create as HTML
  Parameters: {"utf8"=>"✓", "authenticity_token"=>"HaLN07Chn8doGE7J9AVVmloqFoI6VvYgXYFKs52NCGI=", "story"=>{"code"=>"F", "position"=>"1", "title"=>"F1", "body"=>"F1"}, "commit"=>"Save"}
  [1m[36mUser Load (0.1ms)[0m  [1mSELECT "users".* FROM "users" WHERE "users"."id" = 1 LIMIT 1[0m
  [1m[35mSQL (0.1ms)[0m  SELECT 1 FROM "stories" WHERE ("stories"."code" = 'F') LIMIT 1
  [1m[36mSQL (0.1ms)[0m  [1mSELECT 1 FROM "stories" WHERE ("stories"."position" = 1) LIMIT 1[0m
Completed   in 40ms

ActionController::RoutingError (No route matches {:action=>"create", :controller=>"stories", :utf8=>"✓", :authenticity_token=>"HaLN07Chn8doGE7J9AVVmloqFoI6VvYgXYFKs52NCGI=", :story=>{"code"=>"F", "position"=>"1", "title"=>"F1", "body"=>"F1"}, :commit=>"Save"}):
  app/controllers/stories_controller.rb:13:in `create'

Rendered /Volumes/Data/Users/rad/.rvm/gems/ruby-1.9.2-p180@flames/gems/actionpack-3.0.7/lib/action_dispatch/middleware/templates/rescues/routing_error.erb within rescues/layout (0.8ms)


Started GET "/stories/new" for 127.0.0.1 at 2011-06-26 11:29:28 +0800
  Processing by StoriesController#new as HTML
  [1m[35mUser Load (0.1ms)[0m  SELECT "users".* FROM "users" WHERE "users"."id" = 1 LIMIT 1
DEPRECATION WARNING: - style block helpers are deprecated. Please use =. (called from block in _app_views_stories__form_html_haml__89184967706394629_2185262140_2307804014894199039 at /Volumes/Data/Users/rad/Projects/flames/rails_app/app/views/stories/_form.html.haml:2)
DEPRECATION WARNING: - style block helpers are deprecated. Please use =. (called from block in _app_views_stories__form_html_haml__89184967706394629_2185262140_2307804014894199039 at /Volumes/Data/Users/rad/Projects/flames/rails_app/app/views/stories/_form.html.haml:11)
DEPRECATION WARNING: - style block helpers are deprecated. Please use =. (called from _app_views_stories__form_html_haml__89184967706394629_2185262140_2307804014894199039 at /Volumes/Data/Users/rad/Projects/flames/rails_app/app/views/stories/_form.html.haml:1)
Rendered stories/_form.html.haml (13.1ms)
Rendered stories/new.html.haml within layouts/application (17.0ms)
Completed 200 OK in 52ms (Views: 21.9ms | ActiveRecord: 0.5ms)


Started POST "/stories" for 127.0.0.1 at 2011-06-26 11:29:45 +0800
  Processing by StoriesController#create as HTML
  Parameters: {"utf8"=>"✓", "authenticity_token"=>"HaLN07Chn8doGE7J9AVVmloqFoI6VvYgXYFKs52NCGI=", "story"=>{"code"=>"F", "position"=>"1", "title"=>"F1", "body"=>"F1"}, "commit"=>"Save"}
  [1m[36mUser Load (0.1ms)[0m  [1mSELECT "users".* FROM "users" WHERE "users"."id" = 1 LIMIT 1[0m
  [1m[35mSQL (0.1ms)[0m  SELECT 1 FROM "stories" WHERE ("stories"."code" = 'F') LIMIT 1
  [1m[36mSQL (0.1ms)[0m  [1mSELECT 1 FROM "stories" WHERE ("stories"."position" = 1) LIMIT 1[0m
Redirected to http://www.flamesyourfriends.com:3000/stories/new
Completed 302 Found in 39ms


Started GET "/stories/new" for 127.0.0.1 at 2011-06-26 11:29:45 +0800
  Processing by StoriesController#new as HTML
  [1m[35mUser Load (0.1ms)[0m  SELECT "users".* FROM "users" WHERE "users"."id" = 1 LIMIT 1
DEPRECATION WARNING: - style block helpers are deprecated. Please use =. (called from block in _app_views_stories__form_html_haml__89184967706394629_2187023820_2307804014894199039 at /Volumes/Data/Users/rad/Projects/flames/rails_app/app/views/stories/_form.html.haml:2)
DEPRECATION WARNING: - style block helpers are deprecated. Please use =. (called from block in _app_views_stories__form_html_haml__89184967706394629_2187023820_2307804014894199039 at /Volumes/Data/Users/rad/Projects/flames/rails_app/app/views/stories/_form.html.haml:11)
DEPRECATION WARNING: - style block helpers are deprecated. Please use =. (called from _app_views_stories__form_html_haml__89184967706394629_2187023820_2307804014894199039 at /Volumes/Data/Users/rad/Projects/flames/rails_app/app/views/stories/_form.html.haml:1)
Rendered stories/_form.html.haml (13.3ms)
Rendered stories/new.html.haml within layouts/application (17.1ms)
Completed 200 OK in 96ms (Views: 22.5ms | ActiveRecord: 0.5ms)


Started GET "/stories/new" for 127.0.0.1 at 2011-06-26 12:04:50 +0800
  Processing by StoriesController#new as HTML
  [1m[36mUser Load (0.1ms)[0m  [1mSELECT "users".* FROM "users" WHERE "users"."id" = 1 LIMIT 1[0m
DEPRECATION WARNING: - style block helpers are deprecated. Please use =. (called from block in _app_views_stories__form_html_haml__89184967706394629_2176470580_2307804014894199039 at /Volumes/Data/Users/rad/Projects/flames/rails_app/app/views/stories/_form.html.haml:2)
DEPRECATION WARNING: - style block helpers are deprecated. Please use =. (called from block in _app_views_stories__form_html_haml__89184967706394629_2176470580_2307804014894199039 at /Volumes/Data/Users/rad/Projects/flames/rails_app/app/views/stories/_form.html.haml:11)
DEPRECATION WARNING: - style block helpers are deprecated. Please use =. (called from _app_views_stories__form_html_haml__89184967706394629_2176470580_2307804014894199039 at /Volumes/Data/Users/rad/Projects/flames/rails_app/app/views/stories/_form.html.haml:1)
Rendered stories/_form.html.haml (13.0ms)
Rendered stories/new.html.haml within layouts/application (17.0ms)
Completed 200 OK in 51ms (Views: 22.1ms | ActiveRecord: 0.1ms)


Started GET "/stories/new" for 127.0.0.1 at 2011-06-26 12:05:54 +0800
  Processing by StoriesController#new as HTML
  [1m[35mUser Load (0.1ms)[0m  SELECT "users".* FROM "users" WHERE "users"."id" = 1 LIMIT 1
DEPRECATION WARNING: - style block helpers are deprecated. Please use =. (called from block in _app_views_stories__form_html_haml__89184967706394629_2176090620_2307804014894199039 at /Volumes/Data/Users/rad/Projects/flames/rails_app/app/views/stories/_form.html.haml:2)
DEPRECATION WARNING: - style block helpers are deprecated. Please use =. (called from block in _app_views_stories__form_html_haml__89184967706394629_2176090620_2307804014894199039 at /Volumes/Data/Users/rad/Projects/flames/rails_app/app/views/stories/_form.html.haml:11)
DEPRECATION WARNING: - style block helpers are deprecated. Please use =. (called from _app_views_stories__form_html_haml__89184967706394629_2176090620_2307804014894199039 at /Volumes/Data/Users/rad/Projects/flames/rails_app/app/views/stories/_form.html.haml:1)
Rendered stories/_form.html.haml (57.0ms)
Rendered stories/new.html.haml within layouts/application (66.0ms)
Completed 200 OK in 104ms (Views: 74.1ms | ActiveRecord: 0.1ms)
